2024-06-09 11:57:20,782 [Worker-7: Loading available Gradle versions] INFO  o.e.b.c.i.u.g.PublishedGradleVersions - Gradle version information cache is up-to-date. Trying to read.
2024-06-09 12:04:17,599 [Worker-8: Loading available Gradle versions] INFO  o.e.b.c.i.u.g.PublishedGradleVersions - Gradle version information cache is up-to-date. Trying to read.
2024-06-09 12:06:49,112 [Worker-26: Importing Maven projects] INFO  o.e.m.c.i.l.LifecycleMappingFactory - Using org.eclipse.m2e.jdt.JarLifecycleMapping lifecycle mapping for MavenProject: mejiasDiego:UD22.MVC.CRUD:0.0.1-SNAPSHOT @ C:\Users\diego\Desktop\Repositorios GitHub\MVC_CRUD_mejiasDiego\UD22.MVC.CRUD\pom.xml.
2024-06-09 12:06:49,299 [Worker-26: Importing Maven projects] WARN  o.e.m.c.i.embedder.EclipseLogger - The artifact mysql:mysql-connector-java:jar:8.0.33 has been relocated to com.mysql:mysql-connector-j:jar:8.0.33: MySQL Connector/J artifacts moved to reverse-DNS compliant Maven 2+ coordinates.
2024-06-09 12:06:50,057 [Worker-26: Importing Maven projects] INFO  o.e.m.j.i.AbstractJavaProjectConfigurator - Adding source folder /UD22.MVC.CRUD/src/main/java
2024-06-09 12:06:50,058 [Worker-26: Importing Maven projects] INFO  o.e.m.j.i.AbstractJavaProjectConfigurator - Adding resource folder /UD22.MVC.CRUD/src/main/resources
2024-06-09 12:06:50,062 [Worker-26: Importing Maven projects] INFO  o.e.m.j.i.AbstractJavaProjectConfigurator - Adding source folder /UD22.MVC.CRUD/src/test/java
2024-06-09 12:06:50,063 [Worker-26: Importing Maven projects] INFO  o.e.m.j.i.AbstractJavaProjectConfigurator - Adding resource folder /UD22.MVC.CRUD/src/test/resources
2024-06-09 12:06:50,377 [Worker-26: Importing Maven projects] INFO  o.e.m.c.i.p.ProjectConfigurationManager - Imported and configured 1 project(s) in 2 sec
2024-06-09 12:06:53,876 [Worker-8: Building] INFO  o.a.m.s.f.DefaultMavenResourcesFiltering - skip non existing resourceDirectory C:\Users\diego\Desktop\Repositorios GitHub\MVC_CRUD_mejiasDiego\UD22.MVC.CRUD\src\main\resources
2024-06-09 12:06:53,890 [Worker-8: Building] INFO  o.a.m.s.f.DefaultMavenResourcesFiltering - skip non existing resourceDirectory C:\Users\diego\Desktop\Repositorios GitHub\MVC_CRUD_mejiasDiego\UD22.MVC.CRUD\src\test\resources
2024-06-09 12:09:51,934 [Worker-35: Building] INFO  o.a.m.s.f.DefaultMavenResourcesFiltering - skip non existing resourceDirectory C:\Users\diego\Desktop\Repositorios GitHub\MVC_CRUD_mejiasDiego\UD22.MVC.CRUD\src\main\resources
2024-06-09 12:09:51,940 [Worker-35: Building] INFO  o.a.m.s.f.DefaultMavenResourcesFiltering - skip non existing resourceDirectory C:\Users\diego\Desktop\Repositorios GitHub\MVC_CRUD_mejiasDiego\UD22.MVC.CRUD\src\test\resources
2024-06-09 12:11:02,194 [Worker-28: Building] INFO  o.a.m.s.f.DefaultMavenResourcesFiltering - skip non existing resourceDirectory C:\Users\diego\Desktop\Repositorios GitHub\MVC_CRUD_mejiasDiego\UD22.MVC.CRUD\src\main\resources
2024-06-09 12:11:02,199 [Worker-28: Building] INFO  o.a.m.s.f.DefaultMavenResourcesFiltering - skip non existing resourceDirectory C:\Users\diego\Desktop\Repositorios GitHub\MVC_CRUD_mejiasDiego\UD22.MVC.CRUD\src\test\resources
2024-06-09 12:11:41,166 [Worker-28: Building] INFO  o.a.m.s.f.DefaultMavenResourcesFiltering - skip non existing resourceDirectory C:\Users\diego\Desktop\Repositorios GitHub\MVC_CRUD_mejiasDiego\UD22.MVC.CRUD\src\main\resources
2024-06-09 12:11:41,171 [Worker-28: Building] INFO  o.a.m.s.f.DefaultMavenResourcesFiltering - skip non existing resourceDirectory C:\Users\diego\Desktop\Repositorios GitHub\MVC_CRUD_mejiasDiego\UD22.MVC.CRUD\src\test\resources
2024-06-09 12:11:47,346 [Worker-28: Building] INFO  o.a.m.s.f.DefaultMavenResourcesFiltering - skip non existing resourceDirectory C:\Users\diego\Desktop\Repositorios GitHub\MVC_CRUD_mejiasDiego\UD22.MVC.CRUD\src\main\resources
2024-06-09 12:11:47,351 [Worker-28: Building] INFO  o.a.m.s.f.DefaultMavenResourcesFiltering - skip non existing resourceDirectory C:\Users\diego\Desktop\Repositorios GitHub\MVC_CRUD_mejiasDiego\UD22.MVC.CRUD\src\test\resources
2024-06-09 12:12:01,591 [Worker-28: Building] INFO  o.a.m.s.f.DefaultMavenResourcesFiltering - skip non existing resourceDirectory C:\Users\diego\Desktop\Repositorios GitHub\MVC_CRUD_mejiasDiego\UD22.MVC.CRUD\src\main\resources
2024-06-09 12:12:01,595 [Worker-28: Building] INFO  o.a.m.s.f.DefaultMavenResourcesFiltering - skip non existing resourceDirectory C:\Users\diego\Desktop\Repositorios GitHub\MVC_CRUD_mejiasDiego\UD22.MVC.CRUD\src\test\resources
2024-06-09 12:17:57,015 [Worker-28: Building] INFO  o.a.m.s.f.DefaultMavenResourcesFiltering - skip non existing resourceDirectory C:\Users\diego\Desktop\Repositorios GitHub\MVC_CRUD_mejiasDiego\UD22.MVC.CRUD\src\main\resources
2024-06-09 12:17:57,020 [Worker-28: Building] INFO  o.a.m.s.f.DefaultMavenResourcesFiltering - skip non existing resourceDirectory C:\Users\diego\Desktop\Repositorios GitHub\MVC_CRUD_mejiasDiego\UD22.MVC.CRUD\src\test\resources
2024-06-09 12:18:27,742 [Worker-39: Building] INFO  o.a.m.s.f.DefaultMavenResourcesFiltering - skip non existing resourceDirectory C:\Users\diego\Desktop\Repositorios GitHub\MVC_CRUD_mejiasDiego\UD22.MVC.CRUD\src\main\resources
2024-06-09 12:18:27,749 [Worker-39: Building] INFO  o.a.m.s.f.DefaultMavenResourcesFiltering - skip non existing resourceDirectory C:\Users\diego\Desktop\Repositorios GitHub\MVC_CRUD_mejiasDiego\UD22.MVC.CRUD\src\test\resources
2024-06-09 12:34:11,100 [Worker-41: Building] INFO  o.a.m.s.f.DefaultMavenResourcesFiltering - skip non existing resourceDirectory C:\Users\diego\Desktop\Repositorios GitHub\MVC_CRUD_mejiasDiego\UD22.MVC.CRUD\src\main\resources
2024-06-09 12:34:11,104 [Worker-41: Building] INFO  o.a.m.s.f.DefaultMavenResourcesFiltering - skip non existing resourceDirectory C:\Users\diego\Desktop\Repositorios GitHub\MVC_CRUD_mejiasDiego\UD22.MVC.CRUD\src\test\resources
2024-06-09 12:51:37,645 [Worker-46: Building] INFO  o.a.m.s.f.DefaultMavenResourcesFiltering - skip non existing resourceDirectory C:\Users\diego\Desktop\Repositorios GitHub\MVC_CRUD_mejiasDiego\UD22.MVC.CRUD\src\main\resources
2024-06-09 12:51:37,650 [Worker-46: Building] INFO  o.a.m.s.f.DefaultMavenResourcesFiltering - skip non existing resourceDirectory C:\Users\diego\Desktop\Repositorios GitHub\MVC_CRUD_mejiasDiego\UD22.MVC.CRUD\src\test\resources
2024-06-09 13:02:02,782 [Worker-1: Loading available Gradle versions] INFO  o.e.b.c.i.u.g.PublishedGradleVersions - Gradle version information cache is up-to-date. Trying to read.
2024-06-10 12:22:56,954 [Worker-7: Loading available Gradle versions] INFO  o.e.b.c.i.u.g.PublishedGradleVersions - Gradle version information cache is out-of-date. Trying to update.
